<?xml version="1.0" encoding="UTF-8"?>
<!-- Generated by org.testng.reporters.JUnitReportReporter -->
<testsuite skipped="0" hostname="CDC2-D-CM1WXJ2" name="selenium.testing.advance.LoginTest" tests="1" failures="0" timestamp="2019-10-15T14:07:55 IST" time="19.780" errors="0">
  <testcase name="testLogin" time="19.780" classname="selenium.testing.advance.LoginTest"/>
</testsuite> <!-- selenium.testing.advance.LoginTest -->
